[2022-02-27 19:09:17] laravel.EMERGENCY: Unable to create configured logger. Using emergency logger. {"exception":"[object] (InvalidArgumentException(code: 0): Log [] is not defined. at /mnt/e/Workspace/jobs-management-system/vendor/laravel/framework/src/Illuminate/Log/LogManager.php:200)
[stacktrace]
#0 /mnt/e/Workspace/jobs-management-system/vendor/laravel/framework/src/Illuminate/Log/LogManager.php(125): Illuminate\\Log\\LogManager->resolve()
#1 /mnt/e/Workspace/jobs-management-system/vendor/laravel/framework/src/Illuminate/Log/LogManager.php(112): Illuminate\\Log\\LogManager->get()
#2 /mnt/e/Workspace/jobs-management-system/vendor/laravel/framework/src/Illuminate/Log/LogManager.php(590): Illuminate\\Log\\LogManager->driver()
#3 /mnt/e/Workspace/jobs-management-system/vendor/laravel/framework/src/Illuminate/Foundation/Exceptions/Handler.php(249): Illuminate\\Log\\LogManager->error()
#4 /mnt/e/Workspace/jobs-management-system/vendor/laravel/framework/src/Illuminate/Foundation/Console/Kernel.php(367): Illuminate\\Foundation\\Exceptions\\Handler->report()
#5 /mnt/e/Workspace/jobs-management-system/vendor/laravel/framework/src/Illuminate/Foundation/Console/Kernel.php(131): Illuminate\\Foundation\\Console\\Kernel->reportException()
#6 /mnt/e/Workspace/jobs-management-system/artisan(37): Illuminate\\Foundation\\Console\\Kernel->handle()
#7 {main}
"} 
[2022-02-27 19:09:17] laravel.ERROR: The "" directory does not exist. {"exception":"[object] (Symfony\\Component\\Finder\\Exception\\DirectoryNotFoundException(code: 0): The \"\" directory does not exist. at /mnt/e/Workspace/jobs-management-system/vendor/symfony/finder/Finder.php:590)
[stacktrace]
#0 /mnt/e/Workspace/jobs-management-system/vendor/laravel/framework/src/Illuminate/Foundation/Bootstrap/LoadConfiguration.php(88): Symfony\\Component\\Finder\\Finder->in()
#1 /mnt/e/Workspace/jobs-management-system/vendor/laravel/framework/src/Illuminate/Foundation/Bootstrap/LoadConfiguration.php(65): Illuminate\\Foundation\\Bootstrap\\LoadConfiguration->getConfigurationFiles()
#2 /mnt/e/Workspace/jobs-management-system/vendor/laravel/framework/src/Illuminate/Foundation/Bootstrap/LoadConfiguration.php(39): Illuminate\\Foundation\\Bootstrap\\LoadConfiguration->loadConfigurationFiles()
#3 /mnt/e/Workspace/jobs-management-system/vendor/laravel/framework/src/Illuminate/Foundation/Application.php(239): Illuminate\\Foundation\\Bootstrap\\LoadConfiguration->bootstrap()
#4 /mnt/e/Workspace/jobs-management-system/vendor/laravel/framework/src/Illuminate/Foundation/Console/Kernel.php(310): Illuminate\\Foundation\\Application->bootstrapWith()
#5 /mnt/e/Workspace/jobs-management-system/vendor/laravel/framework/src/Illuminate/Foundation/Console/Kernel.php(127): Illuminate\\Foundation\\Console\\Kernel->bootstrap()
#6 /mnt/e/Workspace/jobs-management-system/artisan(37): Illuminate\\Foundation\\Console\\Kernel->handle()
#7 {main}
"} 
